INFO:root:2024-05-14 20:18:18.742491 - Login failed - Incorrect password for username: a
INFO:root:2024-05-14 20:20:05.676627 - Login failed - Incorrect password for username: a
INFO:root:2024-05-14 20:20:08.809139 - Login failed - Incorrect password for username: a
INFO:root:2024-05-14 20:20:17.589929 - Login failed - Incorrect password for username: a
INFO:root:2024-05-14 20:20:20.795077 - Login failed - Incorrect password for username: a
INFO:root:2024-05-16 15:17:43.376829 - Login failed - Incorrect password for username: a
INFO:paramiko.transport:Connected (version 2.0, client OpenSSH_8.2p1)
INFO:paramiko.transport:Authentication (password) successful!
INFO:paramiko.transport.sftp:[chan 3] Opened sftp connection (server version 3)
INFO:paramiko.transport.sftp:[chan 4] Opened sftp connection (server version 3)
INFO:root:2024-05-16 15:37:58.330203 - Login failed - Incorrect password for username: a
INFO:root:2024-05-16 15:38:05.202975 - Login failed - Incorrect password for username: a
INFO:paramiko.transport:Connected (version 2.0, client OpenSSH_8.2p1)
INFO:paramiko.transport:Authentication (password) successful!
INFO:paramiko.transport.sftp:[chan 3] Opened sftp connection (server version 3)
INFO:paramiko.transport.sftp:[chan 4] Opened sftp connection (server version 3)
INFO:paramiko.transport:Connected (version 2.0, client OpenSSH_8.2p1)
INFO:paramiko.transport:Authentication (password) successful!
INFO:paramiko.transport.sftp:[chan 3] Opened sftp connection (server version 3)
INFO:paramiko.transport.sftp:[chan 4] Opened sftp connection (server version 3)
INFO:paramiko.transport:Connected (version 2.0, client OpenSSH_8.2p1)
INFO:paramiko.transport:Authentication (password) successful!
INFO:paramiko.transport.sftp:[chan 0] Opened sftp connection (server version 3)
INFO:paramiko.transport.sftp:[chan 1] Opened sftp connection (server version 3)
INFO:paramiko.transport:Connected (version 2.0, client OpenSSH_8.2p1)
INFO:paramiko.transport:Authentication (password) successful!
INFO:paramiko.transport.sftp:[chan 3] Opened sftp connection (server version 3)
INFO:paramiko.transport.sftp:[chan 4] Opened sftp connection (server version 3)
INFO:paramiko.transport:Connected (version 2.0, client OpenSSH_8.2p1)
INFO:paramiko.transport:Authentication (password) successful!
INFO:paramiko.transport.sftp:[chan 3] Opened sftp connection (server version 3)
INFO:paramiko.transport:Connected (version 2.0, client OpenSSH_8.2p1)
INFO:paramiko.transport:Authentication (password) successful!
INFO:paramiko.transport.sftp:[chan 3] Opened sftp connection (server version 3)
INFO:paramiko.transport:Connected (version 2.0, client OpenSSH_8.2p1)
INFO:paramiko.transport:Authentication (password) successful!
INFO:paramiko.transport.sftp:[chan 0] Opened sftp connection (server version 3)
INFO:paramiko.transport:Connected (version 2.0, client OpenSSH_8.2p1)
INFO:paramiko.transport:Authentication (password) successful!
INFO:paramiko.transport:Connected (version 2.0, client OpenSSH_8.2p1)
INFO:paramiko.transport:Authentication (password) successful!
INFO:paramiko.transport.sftp:[chan 3] Opened sftp connection (server version 3)
INFO:paramiko.transport:Connected (version 2.0, client OpenSSH_8.2p1)
INFO:paramiko.transport:Authentication (password) successful!
INFO:paramiko.transport.sftp:[chan 0] Opened sftp connection (server version 3)
INFO:paramiko.transport:Connected (version 2.0, client OpenSSH_8.2p1)
INFO:paramiko.transport:Authentication (password) successful!
INFO:paramiko.transport:Connected (version 2.0, client OpenSSH_8.2p1)
INFO:paramiko.transport:Authentication (password) successful!
INFO:paramiko.transport.sftp:[chan 3] Opened sftp connection (server version 3)
INFO:paramiko.transport:Connected (version 2.0, client OpenSSH_8.2p1)
INFO:paramiko.transport:Authentication (password) successful!
INFO:paramiko.transport.sftp:[chan 0] Opened sftp connection (server version 3)
INFO:paramiko.transport:Connected (version 2.0, client OpenSSH_8.2p1)
INFO:paramiko.transport:Authentication (password) successful!
INFO:paramiko.transport:Connected (version 2.0, client OpenSSH_8.2p1)
INFO:paramiko.transport:Authentication (password) successful!
INFO:paramiko.transport.sftp:[chan 3] Opened sftp connection (server version 3)
INFO:paramiko.transport:Connected (version 2.0, client OpenSSH_8.2p1)
INFO:paramiko.transport:Authentication (password) successful!
INFO:paramiko.transport.sftp:[chan 0] Opened sftp connection (server version 3)
INFO:paramiko.transport:Connected (version 2.0, client OpenSSH_8.2p1)
INFO:paramiko.transport:Authentication (password) successful!
INFO:paramiko.transport:Connected (version 2.0, client OpenSSH_8.2p1)
INFO:paramiko.transport:Authentication (password) successful!
INFO:paramiko.transport.sftp:[chan 3] Opened sftp connection (server version 3)
INFO:paramiko.transport.sftp:[chan 4] Opened sftp connection (server version 3)
INFO:paramiko.transport:Connected (version 2.0, client OpenSSH_8.2p1)
INFO:paramiko.transport:Authentication (password) successful!
INFO:paramiko.transport.sftp:[chan 3] Opened sftp connection (server version 3)
INFO:paramiko.transport.sftp:[chan 4] Opened sftp connection (server version 3)
INFO:paramiko.transport:Connected (version 2.0, client OpenSSH_8.2p1)
INFO:paramiko.transport:Authentication (password) successful!
INFO:paramiko.transport.sftp:[chan 3] Opened sftp connection (server version 3)
INFO:paramiko.transport.sftp:[chan 4] Opened sftp connection (server version 3)
INFO:paramiko.transport:Connected (version 2.0, client OpenSSH_8.2p1)
INFO:paramiko.transport:Authentication (password) successful!
INFO:paramiko.transport.sftp:[chan 3] Opened sftp connection (server version 3)
INFO:paramiko.transport:Connected (version 2.0, client OpenSSH_8.2p1)
INFO:paramiko.transport:Authentication (password) successful!
INFO:paramiko.transport.sftp:[chan 3] Opened sftp connection (server version 3)
INFO:paramiko.transport:Connected (version 2.0, client OpenSSH_8.2p1)
INFO:paramiko.transport:Authentication (password) successful!
INFO:paramiko.transport.sftp:[chan 0] Opened sftp connection (server version 3)
INFO:paramiko.transport:Connected (version 2.0, client OpenSSH_8.2p1)
INFO:paramiko.transport:Authentication (password) successful!
INFO:paramiko.transport:Connected (version 2.0, client OpenSSH_8.2p1)
INFO:paramiko.transport:Authentication (password) successful!
INFO:paramiko.transport.sftp:[chan 3] Opened sftp connection (server version 3)
INFO:paramiko.transport:Connected (version 2.0, client OpenSSH_8.2p1)
INFO:paramiko.transport:Authentication (password) successful!
INFO:paramiko.transport.sftp:[chan 0] Opened sftp connection (server version 3)
INFO:paramiko.transport:Connected (version 2.0, client OpenSSH_8.2p1)
INFO:paramiko.transport:Authentication (password) successful!
INFO:paramiko.transport:Connected (version 2.0, client OpenSSH_8.2p1)
INFO:paramiko.transport:Authentication (password) successful!
INFO:paramiko.transport.sftp:[chan 3] Opened sftp connection (server version 3)
INFO:paramiko.transport:Connected (version 2.0, client OpenSSH_8.2p1)
INFO:paramiko.transport:Authentication (password) successful!
INFO:paramiko.transport.sftp:[chan 0] Opened sftp connection (server version 3)
ERROR:paramiko.transport:Socket exception: Se ha forzado la interrupción de una conexión existente por el host remoto (10054)
ERROR:paramiko.transport:Socket exception: Se ha forzado la interrupción de una conexión existente por el host remoto (10054)
INFO:paramiko.transport:Connected (version 2.0, client OpenSSH_8.2p1)
INFO:paramiko.transport:Authentication (password) successful!
INFO:paramiko.transport.sftp:[chan 3] Opened sftp connection (server version 3)
INFO:paramiko.transport:Connected (version 2.0, client OpenSSH_8.2p1)
INFO:paramiko.transport:Authentication (password) successful!
INFO:paramiko.transport.sftp:[chan 0] Opened sftp connection (server version 3)
INFO:paramiko.transport:Connected (version 2.0, client OpenSSH_8.2p1)
INFO:paramiko.transport:Authentication (password) successful!
